<?xml version="1.0" encoding="UTF-8"?>
<testsuite xmlns:xsi="http://www.w3.org/2001/XMLSchema-instance" xsi:noNamespaceSchemaLocation="https://maven.apache.org/surefire/maven-surefire-plugin/xsd/surefire-test-report.xsd" version="3.0.2" name="task.battilana.com.TaskBattilanaApplicationTests" time="4.988" tests="1" errors="0" skipped="0" failures="0">
  <properties>
[...]
</properties>
  <testcase name="contextLoads" classname="task.battilana.com.TaskBattilanaApplicationTests" time="0.627">
    <system-out><![CDATA[12:04:58.331 [main] INFO org.springframework.test.context.support.AnnotationConfigContextLoaderUtils -- Could not detect default configuration classes for test class [task.battilana.com.TaskBattilanaApplicationTests]: TaskBattilanaApplicationTests does not declare any static, non-private, non-final, nested classes annotated with @Configuration.
12:04:58.415 [main] INFO org.springframework.boot.test.context.SpringBootTestContextBootstrapper -- Found @SpringBootConfiguration task.battilana.com.TaskBattilanaApplication for test class task.battilana.com.TaskBattilanaApplicationTests

  .   ____          _            __ _ _
 /\\ / ___'_ __ _ _(_)_ __  __ _ \ \ \ \
( ( )\___ | '_ | '_| | '_ \/ _` | \ \ \ \
 \\/  ___)| |_)| | | | | || (_| |  ) ) ) )
  '  |____| .__|_| |_|_| |_\__, | / / / /
 =========|_|==============|___/=/_/_/_/

 :: Spring Boot ::                (v3.4.5)

2025-05-12T12:04:58.744-05:00  INFO 28756 --- [task-battilana] [           main] t.b.com.TaskBattilanaApplicationTests    : Starting TaskBattilanaApplicationTests using Java 21.0.5 with PID 28756 (started by Fredy in E:\PROGRAMACION\PROYECTO\task-battilana-backend)
2025-05-12T12:04:58.745-05:00  INFO 28756 --- [task-battilana] [           main] t.b.com.TaskBattilanaApplicationTests    : No active profile set, falling back to 1 default profile: "default"
2025-05-12T12:04:59.324-05:00  INFO 28756 --- [task-battilana] [           main] .s.d.r.c.RepositoryConfigurationDelegate : Bootstrapping Spring Data JPA repositories in DEFAULT mode.
2025-05-12T12:04:59.382-05:00  INFO 28756 --- [task-battilana] [           main] .s.d.r.c.RepositoryConfigurationDelegate : Finished Spring Data repository scanning in 49 ms. Found 2 JPA repository interfaces.
2025-05-12T12:04:59.704-05:00  INFO 28756 --- [task-battilana] [           main] o.hibernate.jpa.internal.util.LogHelper  : HHH000204: Processing PersistenceUnitInfo [name: default]
2025-05-12T12:04:59.757-05:00  INFO 28756 --- [task-battilana] [           main] org.hibernate.Version                    : HHH000412: Hibernate ORM core version 6.6.13.Final
2025-05-12T12:04:59.793-05:00  INFO 28756 --- [task-battilana] [           main] o.h.c.internal.RegionFactoryInitiator    : HHH000026: Second-level cache disabled
2025-05-12T12:05:00.076-05:00  INFO 28756 --- [task-battilana] [           main] o.s.o.j.p.SpringPersistenceUnitInfo      : No LoadTimeWeaver setup: ignoring JPA class transformer
2025-05-12T12:05:00.138-05:00  INFO 28756 --- [task-battilana] [           main] com.zaxxer.hikari.HikariDataSource       : HikariPool-1 - Starting...
2025-05-12T12:05:00.462-05:00  INFO 28756 --- [task-battilana] [           main] com.zaxxer.hikari.pool.HikariPool        : HikariPool-1 - Added connection com.mysql.cj.jdbc.ConnectionImpl@4f402027
2025-05-12T12:05:00.464-05:00  INFO 28756 --- [task-battilana] [           main] com.zaxxer.hikari.HikariDataSource       : HikariPool-1 - Start completed.
2025-05-12T12:05:00.543-05:00  INFO 28756 --- [task-battilana] [           main] org.hibernate.orm.connections.pooling    : HHH10001005: Database info:
	Database JDBC URL [Connecting through datasource 'HikariDataSource (HikariPool-1)']
	Database driver: undefined/unknown
	Database version: 8.3
	Autocommit mode: undefined/unknown
	Isolation level: undefined/unknown
	Minimum pool size: undefined/unknown
	Maximum pool size: undefined/unknown
2025-05-12T12:05:01.186-05:00  INFO 28756 --- [task-battilana] [           main] o.h.e.t.j.p.i.JtaPlatformInitiator       : HHH000489: No JTA platform available (set 'hibernate.transaction.jta.platform' to enable JTA platform integration)
2025-05-12T12:05:01.248-05:00  INFO 28756 --- [task-battilana] [           main] j.LocalContainerEntityManagerFactoryBean : Initialized JPA EntityManagerFactory for persistence unit 'default'
2025-05-12T12:05:01.502-05:00  INFO 28756 --- [task-battilana] [           main] o.s.d.j.r.query.QueryEnhancerFactory     : Hibernate is in classpath; If applicable, HQL parser will be used.
2025-05-12T12:05:02.231-05:00  WARN 28756 --- [task-battilana] [           main] JpaBaseConfiguration$JpaWebConfiguration : spring.jpa.open-in-view is enabled by default. Therefore, database queries may be performed during view rendering. Explicitly configure spring.jpa.open-in-view to disable this warning
2025-05-12T12:05:02.576-05:00  INFO 28756 --- [task-battilana] [           main] t.b.com.TaskBattilanaApplicationTests    : Started TaskBattilanaApplicationTests in 4.062 seconds (process running for 4.81)
]]></system-out>
    <system-err><![CDATA[Mockito is currently self-attaching to enable the inline-mock-maker. This will no longer work in future releases of the JDK. Please add Mockito as an agent to your build what is described in Mockito's documentation: https://javadoc.io/doc/org.mockito/mockito-core/latest/org/mockito/Mockito.html#0.3
WARNING: A Java agent has been loaded dynamically (C:\Users\Fredy\.m2\repository\net\bytebuddy\byte-buddy-agent\1.15.11\byte-buddy-agent-1.15.11.jar)
WARNING: If a serviceability tool is in use, please run with -XX:+EnableDynamicAgentLoading to hide this warning
WARNING: If a serviceability tool is not in use, please run with -Djdk.instrument.traceUsage for more information
WARNING: Dynamic loading of agents will be disallowed by default in a future release
]]></system-err>
  </testcase>
</testsuite>